# JRE version: OpenJDK Runtime Environment (8.0_181-b13) (build 1.8.0_181-8u181-b13-0ubuntu0.18.04.1-b13)
# Java VM: OpenJDK 64-Bit Server VM (25.181-b13 mixed mode linux-amd64 compressed oops)
Heap:
 PSYoungGen      total 134144K, used 101791K [0x00000000eab00000, 0x00000000f3600000, 0x0000000100000000)
  eden space 126976K, 80% used [0x00000000eab00000,0x00000000f0e67f90,0x00000000f2700000)
  from space 7168K, 0% used [0x00000000f2f00000,0x00000000f2f00000,0x00000000f3600000)
  to   space 7680K, 0% used [0x00000000f2700000,0x00000000f2700000,0x00000000f2e80000)
 ParOldGen       total 36352K, used 8745K [0x00000000c0000000, 0x00000000c2380000, 0x00000000eab00000)
  object space 36352K, 24% used [0x00000000c0000000,0x00000000c088a568,0x00000000c2380000)
 Metaspace       used 28562K, capacity 28796K, committed 28928K, reserved 1075200K
  class space    used 4007K, capacity 4084K, committed 4096K, reserved 1048576K
GC Heap History (10 events):
Event: 1,180 GC heap before
{Heap before GC invocations=3 (full 0):
 PSYoungGen      total 34304K, used 33767K [0x00000000eab00000, 0x00000000ecf00000, 0x0000000100000000)
  eden space 31744K, 100% used [0x00000000eab00000,0x00000000eca00000,0x00000000eca00000)
  from space 2560K, 79% used [0x00000000ecc80000,0x00000000ece79e78,0x00000000ecf00000)
  to   space 2560K, 0% used [0x00000000eca00000,0x00000000eca00000,0x00000000ecc80000)
 ParOldGen       total 42496K, used 8K [0x00000000c0000000, 0x00000000c2980000, 0x00000000eab00000)
  object space 42496K, 0% used [0x00000000c0000000,0x00000000c0002000,0x00000000c2980000)
 Metaspace       used 9271K, capacity 9360K, committed 9600K, reserved 1056768K
  class space    used 1305K, capacity 1328K, committed 1408K, reserved 1048576K
Event: 1,186 GC heap after
Heap after GC invocations=3 (full 0):
 PSYoungGen      total 34304K, used 2542K [0x00000000eab00000, 0x00000000eee00000, 0x0000000100000000)
  eden space 31744K, 0% used [0x00000000eab00000,0x00000000eab00000,0x00000000eca00000)
  from space 2560K, 99% used [0x00000000eca00000,0x00000000ecc7bb70,0x00000000ecc80000)
  to   space 2560K, 0% used [0x00000000eeb80000,0x00000000eeb80000,0x00000000eee00000)
 ParOldGen       total 42496K, used 1194K [0x00000000c0000000, 0x00000000c2980000, 0x00000000eab00000)
  object space 42496K, 2% used [0x00000000c0000000,0x00000000c012aae8,0x00000000c2980000)
 Metaspace       used 9271K, capacity 9360K, committed 9600K, reserved 1056768K
  class space    used 1305K, capacity 1328K, committed 1408K, reserved 1048576K
}
Event: 1,566 GC heap before
{Heap before GC invocations=4 (full 0):
 PSYoungGen      total 34304K, used 34286K [0x00000000eab00000, 0x00000000eee00000, 0x0000000100000000)
  eden space 31744K, 100% used [0x00000000eab00000,0x00000000eca00000,0x00000000eca00000)
  from space 2560K, 99% used [0x00000000eca00000,0x00000000ecc7bb70,0x00000000ecc80000)
  to   space 2560K, 0% used [0x00000000eeb80000,0x00000000eeb80000,0x00000000eee00000)
 ParOldGen       total 42496K, used 1194K [0x00000000c0000000, 0x00000000c2980000, 0x00000000eab00000)
  object space 42496K, 2% used [0x00000000c0000000,0x00000000c012aae8,0x00000000c2980000)
 Metaspace       used 12587K, capacity 12726K, committed 12928K, reserved 1060864K
  class space    used 1848K, capacity 1873K, committed 1920K, reserved 1048576K
Event: 1,573 GC heap after
Heap after GC invocations=4 (full 0):
 PSYoungGen      total 66048K, used 2534K [0x00000000eab00000, 0x00000000eee00000, 0x0000000100000000)
  eden space 63488K, 0% used [0x00000000eab00000,0x00000000eab00000,0x00000000ee900000)
  from space 2560K, 99% used [0x00000000eeb80000,0x00000000eedf9b40,0x00000000eee00000)
  to   space 2560K, 0% used [0x00000000ee900000,0x00000000ee900000,0x00000000eeb80000)
 ParOldGen       total 42496K, used 3405K [0x00000000c0000000, 0x00000000c2980000, 0x00000000eab00000)
  object space 42496K, 8% used [0x00000000c0000000,0x00000000c0353500,0x00000000c2980000)
 Metaspace       used 12587K, capacity 12726K, committed 12928K, reserved 1060864K
  class space    used 1848K, capacity 1873K, committed 1920K, reserved 1048576K
}
Event: 2,940 GC heap before
{Heap before GC invocations=5 (full 0):
 PSYoungGen      total 66048K, used 66022K [0x00000000eab00000, 0x00000000eee00000, 0x0000000100000000)
  eden space 63488K, 100% used [0x00000000eab00000,0x00000000ee900000,0x00000000ee900000)
  from space 2560K, 99% used [0x00000000eeb80000,0x00000000eedf9b40,0x00000000eee00000)
  to   space 2560K, 0% used [0x00000000ee900000,0x00000000ee900000,0x00000000eeb80000)
 ParOldGen       total 42496K, used 3405K [0x00000000c0000000, 0x00000000c2980000, 0x00000000eab00000)
  object space 42496K, 8% used [0x00000000c0000000,0x00000000c0353500,0x00000000c2980000)
 Metaspace       used 19387K, capacity 19574K, committed 19712K, reserved 1067008K
  class space    used 2730K, capacity 2789K, committed 2816K, reserved 1048576K
Event: 2,953 GC heap after
Heap after GC invocations=5 (full 0):
 PSYoungGen      total 66048K, used 2543K [0x00000000eab00000, 0x00000000f3700000, 0x0000000100000000)
  eden space 63488K, 0% used [0x00000000eab00000,0x00000000eab00000,0x00000000ee900000)
  from space 2560K, 99% used [0x00000000ee900000,0x00000000eeb7bcc8,0x00000000eeb80000)
  to   space 8192K, 0% used [0x00000000f2f00000,0x00000000f2f00000,0x00000000f3700000)
 ParOldGen       total 42496K, used 8446K [0x00000000c0000000, 0x00000000c2980000, 0x00000000eab00000)
  object space 42496K, 19% used [0x00000000c0000000,0x00000000c083f870,0x00000000c2980000)
 Metaspace       used 19387K, capacity 19574K, committed 19712K, reserved 1067008K
  class space    used 2730K, capacity 2789K, committed 2816K, reserved 1048576K
}
Event: 3,204 GC heap before
{Heap before GC invocations=6 (full 0):
 PSYoungGen      total 66048K, used 14156K [0x00000000eab00000, 0x00000000f3700000, 0x0000000100000000)
  eden space 63488K, 18% used [0x00000000eab00000,0x00000000eb657458,0x00000000ee900000)
  from space 2560K, 99% used [0x00000000ee900000,0x00000000eeb7bcc8,0x00000000eeb80000)
  to   space 8192K, 0% used [0x00000000f2f00000,0x00000000f2f00000,0x00000000f3700000)
 ParOldGen       total 42496K, used 8446K [0x00000000c0000000, 0x00000000c2980000, 0x00000000eab00000)
  object space 42496K, 19% used [0x00000000c0000000,0x00000000c083f870,0x00000000c2980000)
 Metaspace       used 20922K, capacity 21110K, committed 21248K, reserved 1067008K
  class space    used 2956K, capacity 3045K, committed 3072K, reserved 1048576K
Event: 3,238 GC heap after
Heap after GC invocations=6 (full 0):
 PSYoungGen      total 134144K, used 3964K [0x00000000eab00000, 0x00000000f3600000, 0x0000000100000000)
  eden space 126976K, 0% used [0x00000000eab00000,0x00000000eab00000,0x00000000f2700000)
  from space 7168K, 55% used [0x00000000f2f00000,0x00000000f32df160,0x00000000f3600000)
  to   space 7680K, 0% used [0x00000000f2700000,0x00000000f2700000,0x00000000f2e80000)
 ParOldGen       total 42496K, used 8446K [0x00000000c0000000, 0x00000000c2980000, 0x00000000eab00000)
  object space 42496K, 19% used [0x00000000c0000000,0x00000000c083f870,0x00000000c2980000)
 Metaspace       used 20922K, capacity 21110K, committed 21248K, reserved 1067008K
  class space    used 2956K, capacity 3045K, committed 3072K, reserved 1048576K
}
Event: 3,239 GC heap before
{Heap before GC invocations=7 (full 1):
 PSYoungGen      total 134144K, used 3964K [0x00000000eab00000, 0x00000000f3600000, 0x0000000100000000)
  eden space 126976K, 0% used [0x00000000eab00000,0x00000000eab00000,0x00000000f2700000)
  from space 7168K, 55% used [0x00000000f2f00000,0x00000000f32df160,0x00000000f3600000)
  to   space 7680K, 0% used [0x00000000f2700000,0x00000000f2700000,0x00000000f2e80000)
 ParOldGen       total 42496K, used 8446K [0x00000000c0000000, 0x00000000c2980000, 0x00000000eab00000)
  object space 42496K, 19% used [0x00000000c0000000,0x00000000c083f870,0x00000000c2980000)
 Metaspace       used 20922K, capacity 21110K, committed 21248K, reserved 1067008K
  class space    used 2956K, capacity 3045K, committed 3072K, reserved 1048576K
Event: 3,302 GC heap after
Heap after GC invocations=7 (full 1):
 PSYoungGen      total 134144K, used 0K [0x00000000eab00000, 0x00000000f3600000, 0x0000000100000000)
  eden space 126976K, 0% used [0x00000000eab00000,0x00000000eab00000,0x00000000f2700000)
  from space 7168K, 0% used [0x00000000f2f00000,0x00000000f2f00000,0x00000000f3600000)
  to   space 7680K, 0% used [0x00000000f2700000,0x00000000f2700000,0x00000000f2e80000)
 ParOldGen       total 36352K, used 8745K [0x00000000c0000000, 0x00000000c2380000, 0x00000000eab00000)
  object space 36352K, 24% used [0x00000000c0000000,0x00000000c088a568,0x00000000c2380000)
 Metaspace       used 20922K, capacity 21110K, committed 21248K, reserved 1067008K
  class space    used 2956K, capacity 3045K, committed 3072K, reserved 1048576K
}

